<?xml version="1.0" encoding="UTF-8"?>
<!-- Generated by org.testng.reporters.JUnitReportReporter -->
<testsuite name="com.cerner.pctorion.chartTests.ORN_VR_VISITLIST" tests="1" time="167.126" ignored="0" failures="0" timestamp="16 Jan 2017 11:51:36 GMT" skipped="0" hostname="M1525102" errors="0">
  <testcase name="ornVrVisitList" time="167.126" classname="com.cerner.pctorion.chartTests.ORN_VR_VISITLIST"/>
</testsuite> <!-- com.cerner.pctorion.chartTests.ORN_VR_VISITLIST -->
