<?xml version="1.0" encoding="UTF-8"?>
<!-- Generated by org.testng.reporters.JUnitReportReporter -->
<testsuite name="com.cerner.pctorion.platformTests.ORN_VR_PatientSearch" tests="1" time="33.584" ignored="0" failures="0" timestamp="13 Jan 2017 20:53:15 GMT" skipped="0" hostname="W1647023" errors="0">
  <testcase name="VRPatientSearch" time="33.584" classname="com.cerner.pctorion.platformTests.ORN_VR_PatientSearch"/>
</testsuite> <!-- com.cerner.pctorion.platformTests.ORN_VR_PatientSearch -->
